<?xml version="1.0" encoding="UTF-8"?>
<testsuite xmlns:xsi="http://www.w3.org/2001/XMLSchema-instance" xsi:noNamespaceSchemaLocation="https://maven.apache.org/surefire/maven-surefire-plugin/xsd/surefire-test-report-3.0.xsd" version="3.0" name="com.files.QuizApplicationTests" time="2.236" tests="1" errors="0" skipped="0" failures="0">
  <properties>
[...]
</properties>
  <testcase name="contextLoads" classname="com.files.QuizApplicationTests" time="0.276">
    <system-out><![CDATA[17:35:28.473 [main] INFO org.springframework.test.context.support.AnnotationConfigContextLoaderUtils -- Could not detect default configuration classes for test class [com.files.QuizApplicationTests]: QuizApplicationTests does not declare any static, non-private, non-final, nested classes annotated with @Configuration.
17:35:28.513 [main] INFO org.springframework.boot.test.context.SpringBootTestContextBootstrapper -- Found @SpringBootConfiguration com.files.QuizApplication for test class com.files.QuizApplicationTests

  .   ____          _            __ _ _
 /\\ / ___'_ __ _ _(_)_ __  __ _ \ \ \ \
( ( )\___ | '_ | '_| | '_ \/ _` | \ \ \ \
 \\/  ___)| |_)| | | | | || (_| |  ) ) ) )
  '  |____| .__|_| |_|_| |_\__, | / / / /
 =========|_|==============|___/=/_/_/_/
 :: Spring Boot ::                (v3.1.0)

2023-07-16T17:35:28.659+05:30  INFO 3613 --- [           main] com.files.QuizApplicationTests           : Starting QuizApplicationTests using Java 18.0.2.1 with PID 3613 (started by manishkumar in /Users/manishkumar/Documents/springBoot/quiz/quiz)
2023-07-16T17:35:28.659+05:30  INFO 3613 --- [           main] com.files.QuizApplicationTests           : No active profile set, falling back to 1 default profile: "default"
2023-07-16T17:35:28.896+05:30  INFO 3613 --- [           main] .s.d.r.c.RepositoryConfigurationDelegate : Bootstrapping Spring Data JPA repositories in DEFAULT mode.
2023-07-16T17:35:28.916+05:30  INFO 3613 --- [           main] .s.d.r.c.RepositoryConfigurationDelegate : Finished Spring Data repository scanning in 17 ms. Found 1 JPA repository interfaces.
2023-07-16T17:35:29.088+05:30  INFO 3613 --- [           main] o.hibernate.jpa.internal.util.LogHelper  : HHH000204: Processing PersistenceUnitInfo [name: default]
2023-07-16T17:35:29.114+05:30  INFO 3613 --- [           main] org.hibernate.Version                    : HHH000412: Hibernate ORM core version 6.2.2.Final
2023-07-16T17:35:29.115+05:30  INFO 3613 --- [           main] org.hibernate.cfg.Environment            : HHH000406: Using bytecode reflection optimizer
2023-07-16T17:35:29.197+05:30  INFO 3613 --- [           main] o.h.b.i.BytecodeProviderInitiator        : HHH000021: Bytecode provider name : bytebuddy
2023-07-16T17:35:29.247+05:30  INFO 3613 --- [           main] o.s.o.j.p.SpringPersistenceUnitInfo      : No LoadTimeWeaver setup: ignoring JPA class transformer
2023-07-16T17:35:29.256+05:30  INFO 3613 --- [           main] com.zaxxer.hikari.HikariDataSource       : quizapi - Starting...
2023-07-16T17:35:29.504+05:30  INFO 3613 --- [           main] com.zaxxer.hikari.pool.HikariPool        : quizapi - Added connection com.mysql.cj.jdbc.ConnectionImpl@790ac3e0
2023-07-16T17:35:29.505+05:30  INFO 3613 --- [           main] com.zaxxer.hikari.HikariDataSource       : quizapi - Start completed.
2023-07-16T17:35:29.539+05:30  INFO 3613 --- [           main] org.hibernate.orm.dialect                : HHH035001: Using dialect: org.hibernate.dialect.MySQL8Dialect, version: 8.0
2023-07-16T17:35:29.540+05:30  WARN 3613 --- [           main] org.hibernate.orm.deprecation            : HHH90000026: MySQL8Dialect has been deprecated; use org.hibernate.dialect.MySQLDialect instead
2023-07-16T17:35:29.614+05:30  INFO 3613 --- [           main] o.h.b.i.BytecodeProviderInitiator        : HHH000021: Bytecode provider name : bytebuddy
2023-07-16T17:35:29.878+05:30  INFO 3613 --- [           main] o.h.e.t.j.p.i.JtaPlatformInitiator       : HHH000490: Using JtaPlatform implementation: [org.hibernate.engine.transaction.jta.platform.internal.NoJtaPlatform]
Hibernate: alter table quiz modify column end_date  datetime(6)
Hibernate: alter table quiz modify column start_date  datetime(6)
2023-07-16T17:35:29.939+05:30  INFO 3613 --- [           main] j.LocalContainerEntityManagerFactoryBean : Initialized JPA EntityManagerFactory for persistence unit 'default'
2023-07-16T17:35:30.037+05:30  INFO 3613 --- [           main] o.s.d.j.r.query.QueryEnhancerFactory     : Hibernate is in classpath; If applicable, HQL parser will be used.
2023-07-16T17:35:30.223+05:30  WARN 3613 --- [           main] JpaBaseConfiguration$JpaWebConfiguration : spring.jpa.open-in-view is enabled by default. Therefore, database queries may be performed during view rendering. Explicitly configure spring.jpa.open-in-view to disable this warning
2023-07-16T17:35:30.356+05:30  INFO 3613 --- [           main] com.files.QuizApplicationTests           : Started QuizApplicationTests in 1.79 seconds (process running for 2.145)
]]></system-out>
  </testcase>
</testsuite>